<?xml version="1.0" encoding="UTF-8"?>
<robot generator="Robot 7.0 (Python 3.12.1 on win32)" generated="2024-02-19T16:06:30.942899" rpa="false" schemaversion="5">
<suite id="s1" name="Demo" source="c:\Users\Admin\VS Code\Demo.robot">
<test id="s1-t1" name="Testcase1" line="23">
<kw name="Open Browser" owner="SeleniumLibrary">
<msg time="2024-02-19T16:06:32.199061" level="INFO">Opening browser 'chrome' to base url 'https://the-internet.herokuapp.com/login'.</msg>
<arg>${url}</arg>
<arg>${browser}</arg>
<doc>Opens a new browser instance to the optional ``url``.</doc>
<status status="PASS" start="2024-02-19T16:06:32.199061" elapsed="8.952177"/>
</kw>
<kw name="Input Text" owner="SeleniumLibrary">
<msg time="2024-02-19T16:06:41.154339" level="INFO">Typing text 'tomsmith' into text field 'id=username'.</msg>
<arg>id=username</arg>
<arg>${logindata.username}</arg>
<doc>Types the given ``text`` into the text field identified by ``locator``.</doc>
<status status="PASS" start="2024-02-19T16:06:41.152236" elapsed="0.210873"/>
</kw>
<kw name="Input Text" owner="SeleniumLibrary">
<msg time="2024-02-19T16:06:41.365946" level="INFO">Typing text 'SuperSecretPassword!' into text field 'name=password'.</msg>
<arg>name=password</arg>
<arg>${logindata.password}</arg>
<doc>Types the given ``text`` into the text field identified by ``locator``.</doc>
<status status="PASS" start="2024-02-19T16:06:41.364167" elapsed="0.144022"/>
</kw>
<kw name="Click Button" owner="SeleniumLibrary">
<msg time="2024-02-19T16:06:41.511436" level="INFO">Clicking button 'class=radius'.</msg>
<arg>class=radius</arg>
<doc>Clicks the button identified by ``locator``.</doc>
<status status="PASS" start="2024-02-19T16:06:41.511122" elapsed="1.505613"/>
</kw>
<kw name="Close Browser" owner="SeleniumLibrary">
<doc>Closes the current browser.</doc>
<status status="PASS" start="2024-02-19T16:06:43.017907" elapsed="2.240130"/>
</kw>
<status status="PASS" start="2024-02-19T16:06:32.197035" elapsed="13.063252"/>
</test>
<status status="PASS" start="2024-02-19T16:06:30.953336" elapsed="14.318361"/>
</suite>
<statistics>
<total>
<stat pass="1" fail="0" skip="0">All Tests</stat>
</total>
<tag>
</tag>
<suite>
<stat pass="1" fail="0" skip="0" id="s1" name="Demo">Demo</stat>
</suite>
</statistics>
<errors>
</errors>
</robot>
