<?xml version="1.0" encoding="UTF-8"?>
<robot generator="Robot 7.0 (Python 3.12.1 on win32)" generated="2024-02-21T14:29:17.075414" rpa="false" schemaversion="5">
<suite id="s1" name="Demo1" source="C:\Users\Admin\VS Code\Demo1.robot">
<test id="s1-t1" name="Testcase1" line="8">
<kw name="Start Test Setup" owner="Keywords" type="SETUP">
<kw name="Log" owner="BuiltIn">
<msg time="2024-02-21T14:29:17.504282" level="INFO">Start of Testcase</msg>
<arg>Start of Testcase</arg>
<doc>Logs the given message with the given level.</doc>
<status status="PASS" start="2024-02-21T14:29:17.504282" elapsed="0.000000"/>
</kw>
<status status="PASS" start="2024-02-21T14:29:17.504282" elapsed="0.000000"/>
</kw>
<kw name="Open URL" owner="Keywords">
<kw name="Open Browser" owner="SeleniumLibrary">
<msg time="2024-02-21T14:29:17.504282" level="INFO">Opening browser 'chrome' to base url 'https://www.saucedemo.com/'.</msg>
<arg>${url}</arg>
<arg>${browser}</arg>
<doc>Opens a new browser instance to the optional ``url``.</doc>
<status status="PASS" start="2024-02-21T14:29:17.504282" elapsed="2.791232"/>
</kw>
<kw name="Maximize Browser Window" owner="SeleniumLibrary">
<doc>Maximizes current browser window.</doc>
<status status="PASS" start="2024-02-21T14:29:20.295514" elapsed="0.156505"/>
</kw>
<kw name="Title Should Be" owner="SeleniumLibrary">
<msg time="2024-02-21T14:29:20.468015" level="INFO">Page title is 'Swag Labs'.</msg>
<arg>Swag Labs</arg>
<doc>Verifies that the current page title equals ``title``.</doc>
<status status="PASS" start="2024-02-21T14:29:20.452019" elapsed="0.015996"/>
</kw>
<kw name="Input Text" owner="SeleniumLibrary">
<msg time="2024-02-21T14:29:20.469011" level="INFO">Typing text 'standard_user' into text field 'id=user-name'.</msg>
<arg>id=user-name</arg>
<arg>${logindata.username}</arg>
<doc>Types the given ``text`` into the text field identified by ``locator``.</doc>
<status status="PASS" start="2024-02-21T14:29:20.468015" elapsed="0.148987"/>
</kw>
<kw name="Input Text" owner="SeleniumLibrary">
<msg time="2024-02-21T14:29:20.617998" level="INFO">Typing text 'secret_sauce' into text field 'id=password'.</msg>
<arg>id=password</arg>
<arg>${logindata.password}</arg>
<doc>Types the given ``text`` into the text field identified by ``locator``.</doc>
<status status="PASS" start="2024-02-21T14:29:20.617998" elapsed="0.086266"/>
</kw>
<kw name="Click Button" owner="SeleniumLibrary">
<msg time="2024-02-21T14:29:20.705261" level="INFO">Clicking button 'id=login-button'.</msg>
<arg>id=login-button</arg>
<doc>Clicks the button identified by ``locator``.</doc>
<status status="PASS" start="2024-02-21T14:29:20.705261" elapsed="0.111442"/>
</kw>
<status status="PASS" start="2024-02-21T14:29:17.504282" elapsed="3.312421"/>
</kw>
<kw name="Sleep" owner="BuiltIn">
<msg time="2024-02-21T14:29:22.817291" level="INFO">Slept 2 seconds.</msg>
<arg>2</arg>
<doc>Pauses the test executed for the given time.</doc>
<status status="PASS" start="2024-02-21T14:29:20.816703" elapsed="2.000588"/>
</kw>
<kw name="Click Element" owner="SeleniumLibrary">
<msg time="2024-02-21T14:29:22.817291" level="INFO">Clicking element 'xpath=//*[@id="header_container"]/div[2]/div/span/select'.</msg>
<arg>xpath=//*[@id="header_container"]/div[2]/div/span/select</arg>
<doc>Click the element identified by ``locator``.</doc>
<status status="PASS" start="2024-02-21T14:29:22.817291" elapsed="0.077296"/>
</kw>
<kw name="Sleep" owner="BuiltIn">
<msg time="2024-02-21T14:29:24.895043" level="INFO">Slept 2 seconds.</msg>
<arg>2</arg>
<doc>Pauses the test executed for the given time.</doc>
<status status="PASS" start="2024-02-21T14:29:22.894587" elapsed="2.000456"/>
</kw>
<kw name="Click Element" owner="SeleniumLibrary">
<msg time="2024-02-21T14:29:24.895043" level="INFO">Clicking element 'xpath=//*[@id="header_container"]/div[2]/div/span/select/option[2]'.</msg>
<arg>xpath=//*[@id="header_container"]/div[2]/div/span/select/option[2]</arg>
<doc>Click the element identified by ``locator``.</doc>
<status status="PASS" start="2024-02-21T14:29:24.895043" elapsed="0.043115"/>
</kw>
<kw name="Sleep" owner="BuiltIn">
<msg time="2024-02-21T14:29:26.938332" level="INFO">Slept 2 seconds.</msg>
<arg>2</arg>
<doc>Pauses the test executed for the given time.</doc>
<status status="PASS" start="2024-02-21T14:29:24.938158" elapsed="2.000174"/>
</kw>
<kw name="Click Element" owner="SeleniumLibrary">
<msg time="2024-02-21T14:29:26.938332" level="INFO">Clicking element 'xpath=//*[@id="item_4_title_link"]/div'.</msg>
<arg>xpath=//*[@id="item_4_title_link"]/div</arg>
<doc>Click the element identified by ``locator``.</doc>
<status status="PASS" start="2024-02-21T14:29:26.938332" elapsed="0.048116"/>
</kw>
<kw name="Sleep" owner="BuiltIn">
<msg time="2024-02-21T14:29:28.986767" level="INFO">Slept 2 seconds.</msg>
<arg>2</arg>
<doc>Pauses the test executed for the given time.</doc>
<status status="PASS" start="2024-02-21T14:29:26.986448" elapsed="2.000319"/>
</kw>
<kw name="Click Button" owner="SeleniumLibrary">
<msg time="2024-02-21T14:29:28.986767" level="INFO">Clicking button 'xpath=//*[@id="add-to-cart-sauce-labs-backpack"]'.</msg>
<arg>xpath=//*[@id="add-to-cart-sauce-labs-backpack"]</arg>
<doc>Clicks the button identified by ``locator``.</doc>
<status status="PASS" start="2024-02-21T14:29:28.986767" elapsed="0.050355"/>
</kw>
<kw name="Sleep" owner="BuiltIn">
<msg time="2024-02-21T14:29:31.037424" level="INFO">Slept 2 seconds.</msg>
<arg>2</arg>
<doc>Pauses the test executed for the given time.</doc>
<status status="PASS" start="2024-02-21T14:29:29.037122" elapsed="2.000302"/>
</kw>
<kw name="Click Element" owner="SeleniumLibrary">
<msg time="2024-02-21T14:29:31.037424" level="INFO">Clicking element 'xpath=//*[@id="shopping_cart_container"]/a'.</msg>
<arg>xpath=//*[@id="shopping_cart_container"]/a</arg>
<doc>Click the element identified by ``locator``.</doc>
<status status="PASS" start="2024-02-21T14:29:31.037424" elapsed="0.047141"/>
</kw>
<kw name="Sleep" owner="BuiltIn">
<msg time="2024-02-21T14:29:33.085076" level="INFO">Slept 2 seconds.</msg>
<arg>2</arg>
<doc>Pauses the test executed for the given time.</doc>
<status status="PASS" start="2024-02-21T14:29:31.084565" elapsed="2.000511"/>
</kw>
<kw name="Click Button" owner="SeleniumLibrary">
<msg time="2024-02-21T14:29:33.085076" level="INFO">Clicking button 'xpath=//*[@id="remove-sauce-labs-backpack"]'.</msg>
<arg>xpath=//*[@id="remove-sauce-labs-backpack"]</arg>
<doc>Clicks the button identified by ``locator``.</doc>
<status status="PASS" start="2024-02-21T14:29:33.085076" elapsed="0.065004"/>
</kw>
<kw name="Sleep" owner="BuiltIn">
<msg time="2024-02-21T14:29:35.150605" level="INFO">Slept 2 seconds.</msg>
<arg>2</arg>
<doc>Pauses the test executed for the given time.</doc>
<status status="PASS" start="2024-02-21T14:29:33.150080" elapsed="2.000525"/>
</kw>
<kw name="Click Button" owner="SeleniumLibrary">
<msg time="2024-02-21T14:29:35.150605" level="INFO">Clicking button 'xpath=//*[@id="continue-shopping"]'.</msg>
<arg>xpath=//*[@id="continue-shopping"]</arg>
<doc>Clicks the button identified by ``locator``.</doc>
<status status="PASS" start="2024-02-21T14:29:35.150605" elapsed="0.063836"/>
</kw>
<kw name="Sleep" owner="BuiltIn">
<msg time="2024-02-21T14:29:37.215167" level="INFO">Slept 2 seconds.</msg>
<arg>2</arg>
<doc>Pauses the test executed for the given time.</doc>
<status status="PASS" start="2024-02-21T14:29:35.214441" elapsed="2.000726"/>
</kw>
<kw name="Click Button" owner="SeleniumLibrary">
<msg time="2024-02-21T14:29:37.215167" level="INFO">Clicking button 'xpath=//*[@id="react-burger-menu-btn"]'.</msg>
<arg>xpath=//*[@id="react-burger-menu-btn"]</arg>
<doc>Clicks the button identified by ``locator``.</doc>
<status status="PASS" start="2024-02-21T14:29:37.215167" elapsed="0.047694"/>
</kw>
<kw name="Sleep" owner="BuiltIn">
<msg time="2024-02-21T14:29:39.263727" level="INFO">Slept 2 seconds.</msg>
<arg>2</arg>
<doc>Pauses the test executed for the given time.</doc>
<status status="PASS" start="2024-02-21T14:29:37.262861" elapsed="2.000866"/>
</kw>
<kw name="Click Element" owner="SeleniumLibrary">
<msg time="2024-02-21T14:29:39.264570" level="INFO">Clicking element 'xpath=//*[@id="logout_sidebar_link"]'.</msg>
<arg>xpath=//*[@id="logout_sidebar_link"]</arg>
<doc>Click the element identified by ``locator``.</doc>
<status status="PASS" start="2024-02-21T14:29:39.264570" elapsed="0.063756"/>
</kw>
<kw name="Sleep" owner="BuiltIn">
<msg time="2024-02-21T14:29:41.328889" level="INFO">Slept 2 seconds.</msg>
<arg>2</arg>
<doc>Pauses the test executed for the given time.</doc>
<status status="PASS" start="2024-02-21T14:29:39.328326" elapsed="2.000563"/>
</kw>
<kw name="Close Browser" owner="SeleniumLibrary">
<doc>Closes the current browser.</doc>
<status status="PASS" start="2024-02-21T14:29:41.328889" elapsed="2.131382"/>
</kw>
<kw name="End Test Setup" owner="Keywords" type="TEARDOWN">
<kw name="Log" owner="BuiltIn">
<msg time="2024-02-21T14:29:43.461792" level="INFO">End of Testcase</msg>
<arg>End of Testcase</arg>
<doc>Logs the given message with the given level.</doc>
<status status="PASS" start="2024-02-21T14:29:43.461792" elapsed="0.000000"/>
</kw>
<status status="PASS" start="2024-02-21T14:29:43.461792" elapsed="0.000000"/>
</kw>
<status status="PASS" start="2024-02-21T14:29:17.504282" elapsed="25.957510"/>
</test>
<status status="PASS" start="2024-02-21T14:29:17.091035" elapsed="26.370757"/>
</suite>
<statistics>
<total>
<stat pass="1" fail="0" skip="0">All Tests</stat>
</total>
<tag>
</tag>
<suite>
<stat pass="1" fail="0" skip="0" id="s1" name="Demo1">Demo1</stat>
</suite>
</statistics>
<errors>
</errors>
</robot>
